App eureka is already stopped
Starting app [36;1meureka[0m in org [36;1mashraf1revo[0m / space [36;1mdevelopment[0m as [36;1mashraf1revo@gmail.com[0m...

Waiting for app to start...

name:              eureka
requested state:   started
instances:         1/1
usage:             1G x 1 instances
routes:            revotubeeureka.cfapps.io
last uploaded:     Fri 03 Nov 13:39:44 EET 2017
stack:             cflinuxfs2
buildpack:         java_buildpack
start command:     JAVA_OPTS="-agentpath:$PWD/.java-buildpack/open_jdk_jre/bin/jvmkill-1.10.0_RELEASE=printHeapHistogram=1 -Djava.io.tmpdir=$TMPDIR -Djava.ext.dirs=$PWD/.java-buildpack/container_security_provider:$PWD/.java-buildpack/open_jdk_jre/lib/ext -Djava.security.properties=$PWD/.java-buildpack/security_providers/java.security $JAVA_OPTS" && CALCULATED_MEMORY=$($PWD/.java-buildpack/open_jdk_jre/bin/java-buildpack-memory-calculator-3.9.0_RELEASE -totMemory=$MEMORY_LIMIT -stackThreads=300 -loadedClasses=20096 -poolType=metaspace -vmOptions="$JAVA_OPTS") && echo JVM Memory Configuration: $CALCULATED_MEMORY && JAVA_OPTS="$JAVA_OPTS $CALCULATED_MEMORY" && SERVER_PORT=$PORT eval exec $PWD/.java-buildpack/open_jdk_jre/bin/java $JAVA_OPTS -cp $PWD/. org.springframework.boot.loader.JarLauncher

     [1mstate[0m     [1msince[0m                  [1mcpu[0m      [1mmemory[0m         [1mdisk[0m           [1mdetails[0m
#0   running   2017-11-09T06:17:38Z   271.1%   369.6M of 1G   165.1M of 1G   
Stopping app eureka in org ashraf1revo / space development as ashraf1revo@gmail.com...
OK
Starting app [36;1meureka[0m in org [36;1mashraf1revo[0m / space [36;1mdevelopment[0m as [36;1mashraf1revo@gmail.com[0m...

Waiting for app to start...

name:              eureka
requested state:   started
instances:         1/1
usage:             1G x 1 instances
routes:            revotubeeureka.cfapps.io
last uploaded:     Fri 03 Nov 13:39:44 EET 2017
stack:             cflinuxfs2
buildpack:         java_buildpack
start command:     JAVA_OPTS="-agentpath:$PWD/.java-buildpack/open_jdk_jre/bin/jvmkill-1.10.0_RELEASE=printHeapHistogram=1 -Djava.io.tmpdir=$TMPDIR -Djava.ext.dirs=$PWD/.java-buildpack/container_security_provider:$PWD/.java-buildpack/open_jdk_jre/lib/ext -Djava.security.properties=$PWD/.java-buildpack/security_providers/java.security $JAVA_OPTS" && CALCULATED_MEMORY=$($PWD/.java-buildpack/open_jdk_jre/bin/java-buildpack-memory-calculator-3.9.0_RELEASE -totMemory=$MEMORY_LIMIT -stackThreads=300 -loadedClasses=20096 -poolType=metaspace -vmOptions="$JAVA_OPTS") && echo JVM Memory Configuration: $CALCULATED_MEMORY && JAVA_OPTS="$JAVA_OPTS $CALCULATED_MEMORY" && SERVER_PORT=$PORT eval exec $PWD/.java-buildpack/open_jdk_jre/bin/java $JAVA_OPTS -cp $PWD/. org.springframework.boot.loader.JarLauncher

     [1mstate[0m     [1msince[0m                  [1mcpu[0m      [1mmemory[0m         [1mdisk[0m           [1mdetails[0m
#0   running   2017-11-09T06:46:41Z   259.7%   337.1M of 1G   165.1M of 1G   
